mode: set
github.com/CivNode/yjs-go/protocol/sync.go:18.60,19.61 1 1
github.com/CivNode/yjs-go/protocol/sync.go:19.61,21.3 1 0
github.com/CivNode/yjs-go/protocol/sync.go:22.2,22.38 1 1
github.com/CivNode/yjs-go/protocol/sync.go:27.55,28.61 1 1
github.com/CivNode/yjs-go/protocol/sync.go:28.61,30.3 1 0
github.com/CivNode/yjs-go/protocol/sync.go:31.2,31.33 1 1
github.com/CivNode/yjs-go/protocol/sync.go:36.52,37.58 1 1
github.com/CivNode/yjs-go/protocol/sync.go:37.58,39.3 1 0
github.com/CivNode/yjs-go/protocol/sync.go:40.2,40.33 1 1
github.com/CivNode/yjs-go/protocol/sync.go:52.57,54.16 2 1
github.com/CivNode/yjs-go/protocol/sync.go:54.16,56.3 1 0
github.com/CivNode/yjs-go/protocol/sync.go:57.2,58.16 2 1
github.com/CivNode/yjs-go/protocol/sync.go:58.16,60.3 1 0
github.com/CivNode/yjs-go/protocol/sync.go:61.2,61.59 1 1
github.com/CivNode/yjs-go/protocol/sync.go:65.49,69.2 3 1
github.com/CivNode/yjs-go/protocol/sync.go:72.44,76.2 3 1
github.com/CivNode/yjs-go/protocol/sync.go:79.41,83.2 3 1
github.com/CivNode/yjs-go/protocol/update.go:78.53,80.2 1 1
github.com/CivNode/yjs-go/protocol/update.go:83.50,85.47 2 1
github.com/CivNode/yjs-go/protocol/update.go:85.47,87.3 1 0
github.com/CivNode/yjs-go/protocol/update.go:88.2,88.25 1 1
github.com/CivNode/yjs-go/protocol/update.go:93.64,95.60 2 1
github.com/CivNode/yjs-go/protocol/update.go:95.60,97.3 1 0
github.com/CivNode/yjs-go/protocol/update.go:98.2,100.23 3 1
github.com/CivNode/yjs-go/protocol/update.go:100.23,102.3 1 1
github.com/CivNode/yjs-go/protocol/update.go:104.2,104.36 1 1
github.com/CivNode/yjs-go/protocol/update.go:104.36,105.39 1 1
github.com/CivNode/yjs-go/protocol/update.go:105.39,106.31 1 1
github.com/CivNode/yjs-go/protocol/update.go:106.31,108.5 1 1
github.com/CivNode/yjs-go/protocol/update.go:111.2,111.26 1 1
github.com/CivNode/yjs-go/protocol/update.go:111.26,112.49 1 1
github.com/CivNode/yjs-go/protocol/update.go:112.49,114.4 1 0
github.com/CivNode/yjs-go/protocol/update.go:115.3,115.49 1 1
github.com/CivNode/yjs-go/protocol/update.go:115.49,117.4 1 0
github.com/CivNode/yjs-go/protocol/update.go:119.2,119.25 1 1
github.com/CivNode/yjs-go/protocol/update.go:123.66,126.16 3 1
github.com/CivNode/yjs-go/protocol/update.go:126.16,128.3 1 0
github.com/CivNode/yjs-go/protocol/update.go:129.2,130.33 2 1
github.com/CivNode/yjs-go/protocol/update.go:130.33,132.17 2 1
github.com/CivNode/yjs-go/protocol/update.go:132.17,134.4 1 0
github.com/CivNode/yjs-go/protocol/update.go:135.3,136.17 2 1
github.com/CivNode/yjs-go/protocol/update.go:136.17,138.4 1 0
github.com/CivNode/yjs-go/protocol/update.go:139.3,139.21 1 1
github.com/CivNode/yjs-go/protocol/update.go:141.2,141.16 1 1
github.com/CivNode/yjs-go/protocol/update.go:144.51,148.16 3 1
github.com/CivNode/yjs-go/protocol/update.go:148.16,150.3 1 0
github.com/CivNode/yjs-go/protocol/update.go:152.2,152.45 1 1
github.com/CivNode/yjs-go/protocol/update.go:152.45,154.17 2 1
github.com/CivNode/yjs-go/protocol/update.go:154.17,156.4 1 0
github.com/CivNode/yjs-go/protocol/update.go:157.3,158.17 2 1
github.com/CivNode/yjs-go/protocol/update.go:158.17,160.4 1 0
github.com/CivNode/yjs-go/protocol/update.go:161.3,162.17 2 1
github.com/CivNode/yjs-go/protocol/update.go:162.17,164.4 1 0
github.com/CivNode/yjs-go/protocol/update.go:166.3,166.46 1 1
github.com/CivNode/yjs-go/protocol/update.go:166.46,168.18 2 1
github.com/CivNode/yjs-go/protocol/update.go:168.18,170.5 1 1
github.com/CivNode/yjs-go/protocol/update.go:171.4,172.35 2 1
github.com/CivNode/yjs-go/protocol/update.go:176.2,177.16 2 1
github.com/CivNode/yjs-go/protocol/update.go:177.16,179.3 1 0
github.com/CivNode/yjs-go/protocol/update.go:180.2,180.47 1 1
github.com/CivNode/yjs-go/protocol/update.go:180.47,182.17 2 1
github.com/CivNode/yjs-go/protocol/update.go:182.17,184.4 1 0
github.com/CivNode/yjs-go/protocol/update.go:185.3,186.17 2 1
github.com/CivNode/yjs-go/protocol/update.go:186.17,188.4 1 0
github.com/CivNode/yjs-go/protocol/update.go:189.3,189.45 1 1
github.com/CivNode/yjs-go/protocol/update.go:189.45,191.18 2 1
github.com/CivNode/yjs-go/protocol/update.go:191.18,193.5 1 0
github.com/CivNode/yjs-go/protocol/update.go:194.4,195.18 2 1
github.com/CivNode/yjs-go/protocol/update.go:195.18,197.5 1 0
github.com/CivNode/yjs-go/protocol/update.go:198.4,198.92 1 1
github.com/CivNode/yjs-go/protocol/update.go:202.2,202.15 1 1
github.com/CivNode/yjs-go/protocol/update.go:205.89,207.51 2 1
github.com/CivNode/yjs-go/protocol/update.go:207.51,209.3 1 0
github.com/CivNode/yjs-go/protocol/update.go:210.2,213.20 3 1
github.com/CivNode/yjs-go/protocol/update.go:214.9,216.17 2 1
github.com/CivNode/yjs-go/protocol/update.go:216.17,218.4 1 0
github.com/CivNode/yjs-go/protocol/update.go:219.3,219.113 1 1
github.com/CivNode/yjs-go/protocol/update.go:220.10,222.17 2 1
github.com/CivNode/yjs-go/protocol/update.go:222.17,224.4 1 0
github.com/CivNode/yjs-go/protocol/update.go:225.3,225.115 1 1
github.com/CivNode/yjs-go/protocol/update.go:228.2,233.19 5 1
github.com/CivNode/yjs-go/protocol/update.go:233.19,235.17 2 1
github.com/CivNode/yjs-go/protocol/update.go:235.17,237.4 1 0
github.com/CivNode/yjs-go/protocol/update.go:238.3,238.24 1 1
github.com/CivNode/yjs-go/protocol/update.go:240.2,240.20 1 1
github.com/CivNode/yjs-go/protocol/update.go:240.20,242.17 2 1
github.com/CivNode/yjs-go/protocol/update.go:242.17,244.4 1 0
github.com/CivNode/yjs-go/protocol/update.go:245.3,245.25 1 1
github.com/CivNode/yjs-go/protocol/update.go:247.2,247.39 1 1
github.com/CivNode/yjs-go/protocol/update.go:247.39,249.17 2 1
github.com/CivNode/yjs-go/protocol/update.go:249.17,251.4 1 0
github.com/CivNode/yjs-go/protocol/update.go:252.3,252.18 1 1
github.com/CivNode/yjs-go/protocol/update.go:252.18,254.18 2 1
github.com/CivNode/yjs-go/protocol/update.go:254.18,256.5 1 0
github.com/CivNode/yjs-go/protocol/update.go:257.4,258.26 2 1
github.com/CivNode/yjs-go/protocol/update.go:259.9,261.18 2 1
github.com/CivNode/yjs-go/protocol/update.go:261.18,263.5 1 0
github.com/CivNode/yjs-go/protocol/update.go:264.4,264.23 1 1
github.com/CivNode/yjs-go/protocol/update.go:267.2,267.18 1 1
github.com/CivNode/yjs-go/protocol/update.go:267.18,269.17 2 1
github.com/CivNode/yjs-go/protocol/update.go:269.17,271.4 1 1
github.com/CivNode/yjs-go/protocol/update.go:272.3,272.24 1 1
github.com/CivNode/yjs-go/protocol/update.go:275.2,276.16 2 1
github.com/CivNode/yjs-go/protocol/update.go:276.16,278.3 1 0
github.com/CivNode/yjs-go/protocol/update.go:279.2,280.26 2 1
github.com/CivNode/yjs-go/protocol/update.go:283.53,285.16 2 1
github.com/CivNode/yjs-go/protocol/update.go:285.16,287.3 1 0
github.com/CivNode/yjs-go/protocol/update.go:288.2,289.16 2 1
github.com/CivNode/yjs-go/protocol/update.go:289.16,291.3 1 0
github.com/CivNode/yjs-go/protocol/update.go:292.2,292.39 1 1
github.com/CivNode/yjs-go/protocol/update.go:295.70,296.25 1 1
github.com/CivNode/yjs-go/protocol/update.go:297.9,299.17 2 1
github.com/CivNode/yjs-go/protocol/update.go:299.17,301.4 1 0
github.com/CivNode/yjs-go/protocol/update.go:302.3,303.16 2 1
github.com/CivNode/yjs-go/protocol/update.go:304.9,306.17 2 1
github.com/CivNode/yjs-go/protocol/update.go:306.17,308.4 1 0
github.com/CivNode/yjs-go/protocol/update.go:309.3,310.34 2 1
github.com/CivNode/yjs-go/protocol/update.go:311.9,313.17 2 1
github.com/CivNode/yjs-go/protocol/update.go:313.17,315.4 1 0
github.com/CivNode/yjs-go/protocol/update.go:316.3,317.38 2 1
github.com/CivNode/yjs-go/protocol/update.go:317.38,319.18 2 1
github.com/CivNode/yjs-go/protocol/update.go:319.18,321.5 1 0
github.com/CivNode/yjs-go/protocol/update.go:322.4,322.14 1 1
github.com/CivNode/yjs-go/protocol/update.go:326.3,326.17 1 1
github.com/CivNode/yjs-go/protocol/update.go:326.17,328.4 1 1
github.com/CivNode/yjs-go/protocol/update.go:328.9,330.4 1 1
github.com/CivNode/yjs-go/protocol/update.go:331.3,331.20 1 1
github.com/CivNode/yjs-go/protocol/update.go:332.9,334.17 2 1
github.com/CivNode/yjs-go/protocol/update.go:334.17,336.4 1 0
github.com/CivNode/yjs-go/protocol/update.go:337.3,338.16 2 1
github.com/CivNode/yjs-go/protocol/update.go:339.9,341.17 2 1
github.com/CivNode/yjs-go/protocol/update.go:341.17,343.4 1 0
github.com/CivNode/yjs-go/protocol/update.go:344.3,345.16 2 1
github.com/CivNode/yjs-go/protocol/update.go:346.9,348.17 2 1
github.com/CivNode/yjs-go/protocol/update.go:348.17,350.4 1 0
github.com/CivNode/yjs-go/protocol/update.go:351.3,352.17 2 1
github.com/CivNode/yjs-go/protocol/update.go:352.17,354.4 1 0
github.com/CivNode/yjs-go/protocol/update.go:355.3,356.16 2 1
github.com/CivNode/yjs-go/protocol/update.go:357.9,359.17 2 1
github.com/CivNode/yjs-go/protocol/update.go:359.17,361.4 1 0
github.com/CivNode/yjs-go/protocol/update.go:362.3,363.16 2 1
github.com/CivNode/yjs-go/protocol/update.go:364.9,366.17 2 1
github.com/CivNode/yjs-go/protocol/update.go:366.17,368.4 1 0
github.com/CivNode/yjs-go/protocol/update.go:369.3,370.16 2 1
github.com/CivNode/yjs-go/protocol/update.go:371.9,373.17 2 1
github.com/CivNode/yjs-go/protocol/update.go:373.17,375.4 1 0
github.com/CivNode/yjs-go/protocol/update.go:376.3,377.17 2 1
github.com/CivNode/yjs-go/protocol/update.go:377.17,379.4 1 0
github.com/CivNode/yjs-go/protocol/update.go:380.3,381.16 2 1
github.com/CivNode/yjs-go/protocol/update.go:382.10,383.66 1 0
github.com/CivNode/yjs-go/protocol/update.go:388.29,390.22 2 1
github.com/CivNode/yjs-go/protocol/update.go:390.22,392.19 2 1
github.com/CivNode/yjs-go/protocol/update.go:392.19,394.4 1 0
github.com/CivNode/yjs-go/protocol/update.go:396.2,396.10 1 1
github.com/CivNode/yjs-go/protocol/update.go:400.48,402.50 2 1
github.com/CivNode/yjs-go/protocol/update.go:402.50,404.3 1 0
github.com/CivNode/yjs-go/protocol/update.go:405.2,405.19 1 1
github.com/CivNode/yjs-go/protocol/update.go:406.11,407.18 1 1
github.com/CivNode/yjs-go/protocol/update.go:408.11,409.18 1 1
github.com/CivNode/yjs-go/protocol/update.go:410.11,412.17 2 1
github.com/CivNode/yjs-go/protocol/update.go:412.17,414.4 1 0
github.com/CivNode/yjs-go/protocol/update.go:415.3,415.23 1 1
github.com/CivNode/yjs-go/protocol/update.go:416.11,418.46 2 1
github.com/CivNode/yjs-go/protocol/update.go:418.46,420.4 1 0
github.com/CivNode/yjs-go/protocol/update.go:421.3,421.63 1 1
github.com/CivNode/yjs-go/protocol/update.go:422.11,424.46 2 1
github.com/CivNode/yjs-go/protocol/update.go:424.46,426.4 1 0
github.com/CivNode/yjs-go/protocol/update.go:427.3,427.63 1 1
github.com/CivNode/yjs-go/protocol/update.go:428.11,430.17 2 0
github.com/CivNode/yjs-go/protocol/update.go:430.17,432.4 1 0
github.com/CivNode/yjs-go/protocol/update.go:433.3,433.16 1 0
github.com/CivNode/yjs-go/protocol/update.go:434.11,435.20 1 1
github.com/CivNode/yjs-go/protocol/update.go:436.11,437.19 1 1
github.com/CivNode/yjs-go/protocol/update.go:438.11,439.26 1 1
github.com/CivNode/yjs-go/protocol/update.go:440.11,442.17 2 1
github.com/CivNode/yjs-go/protocol/update.go:442.17,444.4 1 0
github.com/CivNode/yjs-go/protocol/update.go:445.3,446.34 2 1
github.com/CivNode/yjs-go/protocol/update.go:446.34,448.18 2 1
github.com/CivNode/yjs-go/protocol/update.go:448.18,450.5 1 0
github.com/CivNode/yjs-go/protocol/update.go:451.4,452.18 2 1
github.com/CivNode/yjs-go/protocol/update.go:452.18,454.5 1 0
github.com/CivNode/yjs-go/protocol/update.go:455.4,455.14 1 1
github.com/CivNode/yjs-go/protocol/update.go:457.3,457.18 1 1
github.com/CivNode/yjs-go/protocol/update.go:458.11,460.17 2 1
github.com/CivNode/yjs-go/protocol/update.go:460.17,462.4 1 0
github.com/CivNode/yjs-go/protocol/update.go:463.3,464.34 2 1
github.com/CivNode/yjs-go/protocol/update.go:464.34,466.18 2 1
github.com/CivNode/yjs-go/protocol/update.go:466.18,468.5 1 0
github.com/CivNode/yjs-go/protocol/update.go:469.4,469.14 1 1
github.com/CivNode/yjs-go/protocol/update.go:471.3,471.18 1 1
github.com/CivNode/yjs-go/protocol/update.go:472.11,473.25 1 1
github.com/CivNode/yjs-go/protocol/update.go:474.10,475.62 1 0
github.com/CivNode/yjs-go/protocol/update.go:480.49,481.14 1 1
github.com/CivNode/yjs-go/protocol/update.go:481.14,484.3 2 1
github.com/CivNode/yjs-go/protocol/update.go:485.2,485.25 1 1
github.com/CivNode/yjs-go/protocol/update.go:486.12,487.10 1 1
github.com/CivNode/yjs-go/protocol/update.go:487.10,490.4 2 1
github.com/CivNode/yjs-go/protocol/update.go:491.3,492.13 2 1
github.com/CivNode/yjs-go/protocol/update.go:493.14,494.49 1 1
github.com/CivNode/yjs-go/protocol/update.go:494.49,496.4 1 0
github.com/CivNode/yjs-go/protocol/update.go:497.3,497.32 1 1
github.com/CivNode/yjs-go/protocol/update.go:498.11,499.49 1 0
github.com/CivNode/yjs-go/protocol/update.go:499.49,501.4 1 0
github.com/CivNode/yjs-go/protocol/update.go:502.3,502.38 1 0
github.com/CivNode/yjs-go/protocol/update.go:503.13,504.49 1 1
github.com/CivNode/yjs-go/protocol/update.go:504.49,506.4 1 0
github.com/CivNode/yjs-go/protocol/update.go:507.3,507.38 1 1
github.com/CivNode/yjs-go/protocol/update.go:508.14,509.49 1 0
github.com/CivNode/yjs-go/protocol/update.go:509.49,511.4 1 0
github.com/CivNode/yjs-go/protocol/update.go:512.3,512.30 1 0
github.com/CivNode/yjs-go/protocol/update.go:513.15,514.49 1 1
github.com/CivNode/yjs-go/protocol/update.go:514.49,516.4 1 0
github.com/CivNode/yjs-go/protocol/update.go:517.3,520.13 4 1
github.com/CivNode/yjs-go/protocol/update.go:521.15,522.49 1 1
github.com/CivNode/yjs-go/protocol/update.go:522.49,524.4 1 0
github.com/CivNode/yjs-go/protocol/update.go:525.3,528.13 4 1
github.com/CivNode/yjs-go/protocol/update.go:529.30,530.49 1 1
github.com/CivNode/yjs-go/protocol/update.go:530.49,532.4 1 0
github.com/CivNode/yjs-go/protocol/update.go:533.3,533.59 1 1
github.com/CivNode/yjs-go/protocol/update.go:533.59,535.4 1 0
github.com/CivNode/yjs-go/protocol/update.go:536.3,536.26 1 1
github.com/CivNode/yjs-go/protocol/update.go:536.26,537.47 1 1
github.com/CivNode/yjs-go/protocol/update.go:537.47,539.5 1 0
github.com/CivNode/yjs-go/protocol/update.go:540.4,540.42 1 1
github.com/CivNode/yjs-go/protocol/update.go:540.42,542.5 1 0
github.com/CivNode/yjs-go/protocol/update.go:544.3,544.13 1 1
github.com/CivNode/yjs-go/protocol/update.go:545.21,546.49 1 1
github.com/CivNode/yjs-go/protocol/update.go:546.49,548.4 1 0
github.com/CivNode/yjs-go/protocol/update.go:549.3,549.59 1 1
github.com/CivNode/yjs-go/protocol/update.go:549.59,551.4 1 0
github.com/CivNode/yjs-go/protocol/update.go:552.3,552.26 1 1
github.com/CivNode/yjs-go/protocol/update.go:552.26,553.42 1 1
github.com/CivNode/yjs-go/protocol/update.go:553.42,555.5 1 0
github.com/CivNode/yjs-go/protocol/update.go:557.3,557.13 1 1
github.com/CivNode/yjs-go/protocol/update.go:558.14,559.49 1 1
github.com/CivNode/yjs-go/protocol/update.go:559.49,561.4 1 0
github.com/CivNode/yjs-go/protocol/update.go:562.3,562.31 1 1
github.com/CivNode/yjs-go/protocol/update.go:563.10,565.13 2 0
github.com/CivNode/yjs-go/protocol/update.go:569.52,576.31 3 1
github.com/CivNode/yjs-go/protocol/update.go:576.31,578.15 2 1
github.com/CivNode/yjs-go/protocol/update.go:578.15,581.4 2 1
github.com/CivNode/yjs-go/protocol/update.go:582.3,582.34 1 1
github.com/CivNode/yjs-go/protocol/update.go:585.2,586.30 2 1
github.com/CivNode/yjs-go/protocol/update.go:586.30,588.3 1 1
github.com/CivNode/yjs-go/protocol/update.go:590.2,590.37 1 1
github.com/CivNode/yjs-go/protocol/update.go:590.37,591.40 1 0
github.com/CivNode/yjs-go/protocol/update.go:591.40,592.47 1 0
github.com/CivNode/yjs-go/protocol/update.go:592.47,594.5 1 0
github.com/CivNode/yjs-go/protocol/update.go:598.2,598.61 1 1
github.com/CivNode/yjs-go/protocol/update.go:598.61,600.3 1 0
github.com/CivNode/yjs-go/protocol/update.go:601.2,601.27 1 1
github.com/CivNode/yjs-go/protocol/update.go:601.27,602.63 1 1
github.com/CivNode/yjs-go/protocol/update.go:602.63,604.4 1 0
github.com/CivNode/yjs-go/protocol/update.go:605.3,605.53 1 1
github.com/CivNode/yjs-go/protocol/update.go:605.53,607.4 1 0
github.com/CivNode/yjs-go/protocol/update.go:608.3,609.23 2 1
github.com/CivNode/yjs-go/protocol/update.go:609.23,611.4 1 1
github.com/CivNode/yjs-go/protocol/update.go:612.3,612.53 1 1
github.com/CivNode/yjs-go/protocol/update.go:612.53,614.4 1 0
github.com/CivNode/yjs-go/protocol/update.go:615.3,615.32 1 1
github.com/CivNode/yjs-go/protocol/update.go:615.32,616.52 1 1
github.com/CivNode/yjs-go/protocol/update.go:616.52,618.5 1 0
github.com/CivNode/yjs-go/protocol/update.go:623.2,628.39 3 1
github.com/CivNode/yjs-go/protocol/update.go:628.39,630.3 1 1
github.com/CivNode/yjs-go/protocol/update.go:631.2,631.40 1 1
github.com/CivNode/yjs-go/protocol/update.go:631.40,632.43 1 1
github.com/CivNode/yjs-go/protocol/update.go:632.43,633.53 1 1
github.com/CivNode/yjs-go/protocol/update.go:633.53,635.5 1 0
github.com/CivNode/yjs-go/protocol/update.go:638.2,638.64 1 1
github.com/CivNode/yjs-go/protocol/update.go:638.64,640.3 1 0
github.com/CivNode/yjs-go/protocol/update.go:641.2,641.34 1 1
github.com/CivNode/yjs-go/protocol/update.go:641.34,642.57 1 1
github.com/CivNode/yjs-go/protocol/update.go:642.57,644.4 1 0
github.com/CivNode/yjs-go/protocol/update.go:645.3,645.68 1 1
github.com/CivNode/yjs-go/protocol/update.go:645.68,647.4 1 0
github.com/CivNode/yjs-go/protocol/update.go:648.3,648.34 1 1
github.com/CivNode/yjs-go/protocol/update.go:648.34,649.51 1 1
github.com/CivNode/yjs-go/protocol/update.go:649.51,651.5 1 0
github.com/CivNode/yjs-go/protocol/update.go:652.4,652.49 1 1
github.com/CivNode/yjs-go/protocol/update.go:652.49,654.5 1 0
github.com/CivNode/yjs-go/protocol/update.go:657.2,657.12 1 1
github.com/CivNode/yjs-go/protocol/update.go:660.61,661.15 1 1
github.com/CivNode/yjs-go/protocol/update.go:661.15,662.47 1 1
github.com/CivNode/yjs-go/protocol/update.go:662.47,664.4 1 0
github.com/CivNode/yjs-go/protocol/update.go:665.3,665.38 1 1
github.com/CivNode/yjs-go/protocol/update.go:667.2,667.17 1 1
github.com/CivNode/yjs-go/protocol/update.go:667.17,668.48 1 1
github.com/CivNode/yjs-go/protocol/update.go:668.48,670.4 1 0
github.com/CivNode/yjs-go/protocol/update.go:671.3,671.38 1 1
github.com/CivNode/yjs-go/protocol/update.go:674.2,674.58 1 1
github.com/CivNode/yjs-go/protocol/update.go:674.58,676.3 1 0
github.com/CivNode/yjs-go/protocol/update.go:677.2,677.28 1 1
github.com/CivNode/yjs-go/protocol/update.go:677.28,678.60 1 1
github.com/CivNode/yjs-go/protocol/update.go:678.60,680.4 1 0
github.com/CivNode/yjs-go/protocol/update.go:682.2,682.29 1 1
github.com/CivNode/yjs-go/protocol/update.go:682.29,683.61 1 1
github.com/CivNode/yjs-go/protocol/update.go:683.61,685.4 1 0
github.com/CivNode/yjs-go/protocol/update.go:687.2,687.55 1 1
github.com/CivNode/yjs-go/protocol/update.go:687.55,688.24 1 1
github.com/CivNode/yjs-go/protocol/update.go:688.24,689.45 1 1
github.com/CivNode/yjs-go/protocol/update.go:689.45,691.5 1 0
github.com/CivNode/yjs-go/protocol/update.go:692.4,692.61 1 1
github.com/CivNode/yjs-go/protocol/update.go:692.61,694.5 1 0
github.com/CivNode/yjs-go/protocol/update.go:695.9,695.34 1 0
github.com/CivNode/yjs-go/protocol/update.go:695.34,696.45 1 0
github.com/CivNode/yjs-go/protocol/update.go:696.45,698.5 1 0
github.com/CivNode/yjs-go/protocol/update.go:699.4,699.59 1 0
github.com/CivNode/yjs-go/protocol/update.go:699.59,701.5 1 0
github.com/CivNode/yjs-go/protocol/update.go:704.2,704.27 1 1
github.com/CivNode/yjs-go/protocol/update.go:704.27,705.60 1 1
github.com/CivNode/yjs-go/protocol/update.go:705.60,707.4 1 0
github.com/CivNode/yjs-go/protocol/update.go:709.2,709.34 1 1
github.com/CivNode/yjs-go/protocol/update.go:712.56,713.52 1 1
github.com/CivNode/yjs-go/protocol/update.go:713.52,715.3 1 0
github.com/CivNode/yjs-go/protocol/update.go:716.2,716.35 1 1
github.com/CivNode/yjs-go/protocol/update.go:719.61,720.25 1 1
github.com/CivNode/yjs-go/protocol/update.go:721.9,722.38 1 1
github.com/CivNode/yjs-go/protocol/update.go:723.9,724.54 1 1
github.com/CivNode/yjs-go/protocol/update.go:725.9,727.54 1 1
github.com/CivNode/yjs-go/protocol/update.go:727.54,728.60 1 1
github.com/CivNode/yjs-go/protocol/update.go:728.60,730.5 1 0
github.com/CivNode/yjs-go/protocol/update.go:731.4,731.26 1 1
github.com/CivNode/yjs-go/protocol/update.go:731.26,732.42 1 1
github.com/CivNode/yjs-go/protocol/update.go:732.42,734.6 1 0
github.com/CivNode/yjs-go/protocol/update.go:736.4,736.14 1 1
github.com/CivNode/yjs-go/protocol/update.go:739.3,739.44 1 1
github.com/CivNode/yjs-go/protocol/update.go:739.44,741.4 1 0
github.com/CivNode/yjs-go/protocol/update.go:742.3,742.39 1 1
github.com/CivNode/yjs-go/protocol/update.go:743.9,744.53 1 1
github.com/CivNode/yjs-go/protocol/update.go:745.9,746.45 1 1
github.com/CivNode/yjs-go/protocol/update.go:746.45,748.4 1 1
github.com/CivNode/yjs-go/protocol/update.go:749.3,749.35 1 0
github.com/CivNode/yjs-go/protocol/update.go:750.9,751.61 1 1
github.com/CivNode/yjs-go/protocol/update.go:751.61,753.49 2 1
github.com/CivNode/yjs-go/protocol/update.go:753.49,755.5 1 0
github.com/CivNode/yjs-go/protocol/update.go:756.4,756.34 1 1
github.com/CivNode/yjs-go/protocol/update.go:758.3,758.70 1 0
github.com/CivNode/yjs-go/protocol/update.go:759.9,760.52 1 1
github.com/CivNode/yjs-go/protocol/update.go:761.10,762.81 1 0
github.com/CivNode/yjs-go/protocol/varint.go:13.48,16.6 3 1
github.com/CivNode/yjs-go/protocol/varint.go:16.6,19.13 3 1
github.com/CivNode/yjs-go/protocol/varint.go:19.13,21.4 1 1
github.com/CivNode/yjs-go/protocol/varint.go:22.3,24.13 3 1
github.com/CivNode/yjs-go/protocol/varint.go:24.13,25.9 1 1
github.com/CivNode/yjs-go/protocol/varint.go:28.2,29.12 2 1
github.com/CivNode/yjs-go/protocol/varint.go:33.47,37.6 4 1
github.com/CivNode/yjs-go/protocol/varint.go:37.6,38.48 1 1
github.com/CivNode/yjs-go/protocol/varint.go:38.48,39.51 1 1
github.com/CivNode/yjs-go/protocol/varint.go:39.51,41.5 1 1
github.com/CivNode/yjs-go/protocol/varint.go:42.4,42.17 1 0
github.com/CivNode/yjs-go/protocol/varint.go:44.3,46.18 3 1
github.com/CivNode/yjs-go/protocol/varint.go:46.18,48.4 1 1
github.com/CivNode/yjs-go/protocol/varint.go:49.3,50.18 2 1
github.com/CivNode/yjs-go/protocol/varint.go:50.18,52.4 1 0
github.com/CivNode/yjs-go/protocol/varint.go:57.49,58.56 1 1
github.com/CivNode/yjs-go/protocol/varint.go:58.56,60.3 1 0
github.com/CivNode/yjs-go/protocol/varint.go:61.2,61.17 1 1
github.com/CivNode/yjs-go/protocol/varint.go:61.17,63.3 1 1
github.com/CivNode/yjs-go/protocol/varint.go:64.2,65.12 2 1
github.com/CivNode/yjs-go/protocol/varint.go:69.48,71.16 2 1
github.com/CivNode/yjs-go/protocol/varint.go:71.16,73.3 1 0
github.com/CivNode/yjs-go/protocol/varint.go:74.2,74.12 1 1
github.com/CivNode/yjs-go/protocol/varint.go:74.12,76.3 1 1
github.com/CivNode/yjs-go/protocol/varint.go:77.2,78.47 2 1
github.com/CivNode/yjs-go/protocol/varint.go:78.47,80.3 1 1
github.com/CivNode/yjs-go/protocol/varint.go:81.2,81.17 1 1
github.com/CivNode/yjs-go/protocol/varint.go:85.50,87.2 1 1
github.com/CivNode/yjs-go/protocol/varint.go:90.49,92.16 2 1
github.com/CivNode/yjs-go/protocol/varint.go:92.16,94.3 1 1
github.com/CivNode/yjs-go/protocol/varint.go:95.2,95.23 1 1
github.com/CivNode/yjs-go/array.go:16.45,18.2 1 1
github.com/CivNode/yjs-go/array.go:20.41,20.58 1 1
github.com/CivNode/yjs-go/array.go:23.45,28.15 5 1
github.com/CivNode/yjs-go/array.go:28.15,29.58 1 0
github.com/CivNode/yjs-go/array.go:32.2,37.54 4 1
github.com/CivNode/yjs-go/array.go:37.54,39.3 1 0
github.com/CivNode/yjs-go/array.go:41.2,41.27 1 1
github.com/CivNode/yjs-go/array.go:41.27,44.18 3 1
github.com/CivNode/yjs-go/array.go:44.18,47.4 2 1
github.com/CivNode/yjs-go/array.go:48.3,57.18 2 1
github.com/CivNode/yjs-go/array.go:57.18,59.4 1 1
github.com/CivNode/yjs-go/array.go:59.9,61.4 1 1
github.com/CivNode/yjs-go/array.go:62.3,64.14 3 1
github.com/CivNode/yjs-go/array.go:69.61,70.22 1 1
github.com/CivNode/yjs-go/array.go:70.22,72.3 1 0
github.com/CivNode/yjs-go/array.go:73.2,77.15 5 1
github.com/CivNode/yjs-go/array.go:77.15,78.60 1 0
github.com/CivNode/yjs-go/array.go:81.2,87.17 5 1
github.com/CivNode/yjs-go/array.go:87.17,89.3 1 1
github.com/CivNode/yjs-go/array.go:89.8,91.3 1 0
github.com/CivNode/yjs-go/array.go:93.2,93.27 1 1
github.com/CivNode/yjs-go/array.go:93.27,97.13 4 1
github.com/CivNode/yjs-go/array.go:97.13,99.4 1 1
github.com/CivNode/yjs-go/array.go:99.9,102.4 1 0
github.com/CivNode/yjs-go/array.go:103.3,103.18 1 1
github.com/CivNode/yjs-go/array.go:103.18,106.4 2 1
github.com/CivNode/yjs-go/array.go:108.3,118.18 2 1
github.com/CivNode/yjs-go/array.go:118.18,120.4 1 1
github.com/CivNode/yjs-go/array.go:120.9,122.4 1 0
github.com/CivNode/yjs-go/array.go:123.3,123.23 1 1
github.com/CivNode/yjs-go/array.go:123.23,125.4 1 1
github.com/CivNode/yjs-go/array.go:126.3,128.25 3 1
github.com/CivNode/yjs-go/array.go:133.46,134.17 1 1
github.com/CivNode/yjs-go/array.go:134.17,136.3 1 0
github.com/CivNode/yjs-go/array.go:137.2,141.15 5 1
github.com/CivNode/yjs-go/array.go:141.15,142.60 1 0
github.com/CivNode/yjs-go/array.go:145.2,149.54 4 1
github.com/CivNode/yjs-go/array.go:149.54,150.19 1 1
github.com/CivNode/yjs-go/array.go:150.19,151.12 1 0
github.com/CivNode/yjs-go/array.go:153.3,153.26 1 1
github.com/CivNode/yjs-go/array.go:153.26,154.9 1 1
github.com/CivNode/yjs-go/array.go:156.3,156.19 1 1
github.com/CivNode/yjs-go/array.go:156.19,159.4 2 1
github.com/CivNode/yjs-go/array.go:160.3,160.8 1 1
github.com/CivNode/yjs-go/array.go:165.55,171.54 5 1
github.com/CivNode/yjs-go/array.go:171.54,172.19 1 1
github.com/CivNode/yjs-go/array.go:172.19,173.12 1 0
github.com/CivNode/yjs-go/array.go:175.3,175.19 1 1
github.com/CivNode/yjs-go/array.go:175.19,177.4 1 1
github.com/CivNode/yjs-go/array.go:178.3,178.8 1 1
github.com/CivNode/yjs-go/array.go:180.2,180.19 1 1
github.com/CivNode/yjs-go/array.go:184.30,190.54 5 1
github.com/CivNode/yjs-go/array.go:190.54,191.20 1 1
github.com/CivNode/yjs-go/array.go:191.20,193.4 1 1
github.com/CivNode/yjs-go/array.go:195.2,195.10 1 1
github.com/CivNode/yjs-go/array.go:199.41,205.54 5 1
github.com/CivNode/yjs-go/array.go:205.54,206.20 1 1
github.com/CivNode/yjs-go/array.go:206.20,208.4 1 1
github.com/CivNode/yjs-go/array.go:210.2,210.12 1 1
github.com/CivNode/yjs-go/array.go:214.47,219.2 4 1
github.com/CivNode/yjs-go/array.go:221.48,222.27 1 1
github.com/CivNode/yjs-go/array.go:222.27,224.3 1 1
github.com/CivNode/yjs-go/array.go:225.2,226.33 2 1
github.com/CivNode/yjs-go/array.go:226.33,228.3 1 1
github.com/CivNode/yjs-go/array.go:233.53,234.16 1 1
github.com/CivNode/yjs-go/array.go:234.16,236.3 1 0
github.com/CivNode/yjs-go/array.go:237.2,239.54 3 1
github.com/CivNode/yjs-go/array.go:239.54,240.19 1 1
github.com/CivNode/yjs-go/array.go:240.19,241.12 1 0
github.com/CivNode/yjs-go/array.go:243.3,245.19 3 1
github.com/CivNode/yjs-go/array.go:245.19,247.4 1 1
github.com/CivNode/yjs-go/array.go:249.2,249.13 1 0
github.com/CivNode/yjs-go/awareness.go:33.40,41.2 3 1
github.com/CivNode/yjs-go/awareness.go:44.31,46.2 1 1
github.com/CivNode/yjs-go/awareness.go:49.65,54.12 5 1
github.com/CivNode/yjs-go/awareness.go:54.12,56.3 1 1
github.com/CivNode/yjs-go/awareness.go:58.2,59.18 2 1
github.com/CivNode/yjs-go/awareness.go:59.18,62.3 2 1
github.com/CivNode/yjs-go/awareness.go:62.8,64.34 2 1
github.com/CivNode/yjs-go/awareness.go:64.34,66.4 1 0
github.com/CivNode/yjs-go/awareness.go:66.9,68.4 1 1
github.com/CivNode/yjs-go/awareness.go:70.2,74.29 4 1
github.com/CivNode/yjs-go/awareness.go:74.29,76.3 1 1
github.com/CivNode/yjs-go/awareness.go:80.73,85.30 5 1
github.com/CivNode/yjs-go/awareness.go:85.30,87.3 1 1
github.com/CivNode/yjs-go/awareness.go:88.2,90.24 3 1
github.com/CivNode/yjs-go/awareness.go:94.60,98.9 4 1
github.com/CivNode/yjs-go/awareness.go:98.9,100.3 1 1
github.com/CivNode/yjs-go/awareness.go:101.2,101.16 1 1
github.com/CivNode/yjs-go/awareness.go:105.67,109.30 4 1
github.com/CivNode/yjs-go/awareness.go:109.30,111.3 1 1
github.com/CivNode/yjs-go/awareness.go:112.2,112.12 1 1
github.com/CivNode/yjs-go/awareness.go:116.47,120.2 3 1
github.com/CivNode/yjs-go/awareness.go:124.61,130.31 5 1
github.com/CivNode/yjs-go/awareness.go:130.31,131.32 1 1
github.com/CivNode/yjs-go/awareness.go:131.32,133.4 1 1
github.com/CivNode/yjs-go/awareness.go:136.2,136.72 1 1
github.com/CivNode/yjs-go/awareness.go:136.72,138.3 1 0
github.com/CivNode/yjs-go/awareness.go:139.2,139.27 1 1
github.com/CivNode/yjs-go/awareness.go:139.27,142.17 3 1
github.com/CivNode/yjs-go/awareness.go:142.17,144.4 1 0
github.com/CivNode/yjs-go/awareness.go:145.3,145.57 1 1
github.com/CivNode/yjs-go/awareness.go:145.57,147.4 1 0
github.com/CivNode/yjs-go/awareness.go:148.3,148.62 1 1
github.com/CivNode/yjs-go/awareness.go:148.62,150.4 1 0
github.com/CivNode/yjs-go/awareness.go:151.3,151.74 1 1
github.com/CivNode/yjs-go/awareness.go:151.74,153.4 1 0
github.com/CivNode/yjs-go/awareness.go:155.2,155.20 1 1
github.com/CivNode/yjs-go/awareness.go:159.52,162.27 3 1
github.com/CivNode/yjs-go/awareness.go:162.27,164.3 1 1
github.com/CivNode/yjs-go/awareness.go:165.2,166.28 2 1
github.com/CivNode/yjs-go/awareness.go:170.72,173.16 3 1
github.com/CivNode/yjs-go/awareness.go:173.16,175.3 1 0
github.com/CivNode/yjs-go/awareness.go:177.2,180.37 3 1
github.com/CivNode/yjs-go/awareness.go:180.37,182.17 2 1
github.com/CivNode/yjs-go/awareness.go:182.17,185.4 2 0
github.com/CivNode/yjs-go/awareness.go:186.3,187.17 2 1
github.com/CivNode/yjs-go/awareness.go:187.17,190.4 2 0
github.com/CivNode/yjs-go/awareness.go:191.3,192.17 2 1
github.com/CivNode/yjs-go/awareness.go:192.17,195.4 2 0
github.com/CivNode/yjs-go/awareness.go:197.3,198.43 2 1
github.com/CivNode/yjs-go/awareness.go:198.43,199.67 1 1
github.com/CivNode/yjs-go/awareness.go:199.67,202.5 1 0
github.com/CivNode/yjs-go/awareness.go:205.3,207.13 3 1
github.com/CivNode/yjs-go/awareness.go:207.13,209.4 1 0
github.com/CivNode/yjs-go/awareness.go:212.3,212.74 1 1
github.com/CivNode/yjs-go/awareness.go:212.74,214.71 1 1
github.com/CivNode/yjs-go/awareness.go:214.71,215.13 1 0
github.com/CivNode/yjs-go/awareness.go:217.4,217.20 1 1
github.com/CivNode/yjs-go/awareness.go:217.20,219.15 2 0
github.com/CivNode/yjs-go/awareness.go:219.15,221.6 1 0
github.com/CivNode/yjs-go/awareness.go:222.10,224.16 2 1
github.com/CivNode/yjs-go/awareness.go:224.16,226.6 1 1
github.com/CivNode/yjs-go/awareness.go:226.11,228.6 1 0
github.com/CivNode/yjs-go/awareness.go:232.2,236.60 4 1
github.com/CivNode/yjs-go/awareness.go:236.60,237.30 1 1
github.com/CivNode/yjs-go/awareness.go:237.30,239.4 1 0
github.com/CivNode/yjs-go/awareness.go:241.2,241.12 1 1
github.com/CivNode/yjs-go/delete.go:6.80,17.27 5 1
github.com/CivNode/yjs-go/delete.go:17.27,18.30 1 1
github.com/CivNode/yjs-go/delete.go:18.30,19.9 1 1
github.com/CivNode/yjs-go/delete.go:21.3,21.42 1 1
github.com/CivNode/yjs-go/delete.go:21.42,24.4 2 1
github.com/CivNode/yjs-go/delete.go:32.56,34.15 2 1
github.com/CivNode/yjs-go/delete.go:34.15,36.3 1 1
github.com/CivNode/yjs-go/delete.go:38.2,38.31 1 1
github.com/CivNode/yjs-go/delete.go:38.31,40.3 1 1
github.com/CivNode/yjs-go/delete.go:42.2,45.30 2 1
github.com/CivNode/yjs-go/delete.go:45.30,47.3 1 0
github.com/CivNode/yjs-go/delete.go:49.2,51.34 3 1
github.com/CivNode/yjs-go/delete.go:51.34,53.3 1 0
github.com/CivNode/yjs-go/delete.go:55.2,78.21 8 1
github.com/CivNode/yjs-go/delete.go:78.21,80.3 1 0
github.com/CivNode/yjs-go/delete.go:81.2,84.37 2 1
github.com/CivNode/yjs-go/delete.go:92.53,98.65 4 1
github.com/CivNode/yjs-go/delete.go:98.65,100.3 1 1
github.com/CivNode/yjs-go/delete.go:103.2,106.29 4 1
github.com/CivNode/yjs-go/doc.go:37.20,39.43 2 1
github.com/CivNode/yjs-go/doc.go:39.43,42.3 1 0
github.com/CivNode/yjs-go/doc.go:43.2,44.13 2 1
github.com/CivNode/yjs-go/doc.go:44.13,46.3 1 0
github.com/CivNode/yjs-go/doc.go:47.2,52.3 1 1
github.com/CivNode/yjs-go/doc.go:56.47,57.19 1 1
github.com/CivNode/yjs-go/doc.go:57.19,58.42 1 0
github.com/CivNode/yjs-go/doc.go:60.2,65.3 1 1
github.com/CivNode/yjs-go/doc.go:69.33,69.54 1 1
github.com/CivNode/yjs-go/doc.go:72.42,75.32 3 1
github.com/CivNode/yjs-go/doc.go:75.32,77.3 1 1
github.com/CivNode/yjs-go/doc.go:78.2,80.10 3 1
github.com/CivNode/yjs-go/doc.go:84.40,87.32 3 1
github.com/CivNode/yjs-go/doc.go:87.32,89.3 1 1
github.com/CivNode/yjs-go/doc.go:90.2,92.10 3 1
github.com/CivNode/yjs-go/doc.go:96.44,99.32 3 1
github.com/CivNode/yjs-go/doc.go:99.32,101.3 1 1
github.com/CivNode/yjs-go/doc.go:102.2,104.10 3 1
github.com/CivNode/yjs-go/doc.go:108.56,111.32 3 1
github.com/CivNode/yjs-go/doc.go:111.32,113.3 1 1
github.com/CivNode/yjs-go/doc.go:114.2,116.10 3 1
github.com/CivNode/yjs-go/doc.go:121.41,125.2 3 1
github.com/CivNode/yjs-go/doc.go:130.55,132.24 2 1
github.com/CivNode/yjs-go/doc.go:132.24,137.3 3 1
github.com/CivNode/yjs-go/doc.go:138.2,150.46 10 1
github.com/CivNode/yjs-go/doc.go:150.46,152.3 1 1
github.com/CivNode/yjs-go/doc.go:155.2,160.29 6 1
github.com/CivNode/yjs-go/doc.go:160.29,162.3 1 1
github.com/CivNode/yjs-go/doc.go:165.2,165.20 1 1
github.com/CivNode/yjs-go/doc.go:169.67,171.16 2 1
github.com/CivNode/yjs-go/doc.go:171.16,173.3 1 0
github.com/CivNode/yjs-go/doc.go:175.2,182.43 4 1
github.com/CivNode/yjs-go/doc.go:182.43,183.28 1 1
github.com/CivNode/yjs-go/doc.go:183.28,185.4 1 1
github.com/CivNode/yjs-go/doc.go:187.2,190.29 2 1
github.com/CivNode/yjs-go/doc.go:190.29,194.3 3 1
github.com/CivNode/yjs-go/doc.go:200.2,203.47 4 1
github.com/CivNode/yjs-go/doc.go:203.47,204.28 1 1
github.com/CivNode/yjs-go/doc.go:204.28,208.4 3 1
github.com/CivNode/yjs-go/doc.go:211.2,216.12 5 1
github.com/CivNode/yjs-go/doc.go:233.44,235.28 2 1
github.com/CivNode/yjs-go/doc.go:235.28,237.3 1 1
github.com/CivNode/yjs-go/doc.go:238.2,238.44 1 1
github.com/CivNode/yjs-go/doc.go:238.44,240.3 1 1
github.com/CivNode/yjs-go/doc.go:243.51,245.28 2 1
github.com/CivNode/yjs-go/doc.go:245.28,247.3 1 1
github.com/CivNode/yjs-go/doc.go:248.2,248.44 1 1
github.com/CivNode/yjs-go/doc.go:248.44,250.3 1 1
github.com/CivNode/yjs-go/doc.go:255.42,257.2 1 1
github.com/CivNode/yjs-go/doc.go:260.48,262.54 2 1
github.com/CivNode/yjs-go/doc.go:262.54,264.3 1 0
github.com/CivNode/yjs-go/doc.go:265.2,265.15 1 1
github.com/CivNode/yjs-go/doc.go:268.40,269.28 1 1
github.com/CivNode/yjs-go/doc.go:269.28,271.3 1 1
github.com/CivNode/yjs-go/doc.go:272.2,272.33 1 1
github.com/CivNode/yjs-go/doc.go:272.33,273.24 1 1
github.com/CivNode/yjs-go/doc.go:274.14,275.23 1 1
github.com/CivNode/yjs-go/doc.go:276.13,277.23 1 1
github.com/CivNode/yjs-go/doc.go:278.15,279.23 1 1
github.com/CivNode/yjs-go/encoding.go:11.65,17.29 2 1
github.com/CivNode/yjs-go/encoding.go:17.29,19.16 2 1
github.com/CivNode/yjs-go/encoding.go:19.16,21.4 1 1
github.com/CivNode/yjs-go/encoding.go:25.2,25.36 1 1
github.com/CivNode/yjs-go/encoding.go:25.36,28.3 1 1
github.com/CivNode/yjs-go/encoding.go:30.2,31.16 2 1
github.com/CivNode/yjs-go/encoding.go:31.16,34.3 1 0
github.com/CivNode/yjs-go/encoding.go:35.2,35.13 1 1
github.com/CivNode/yjs-go/encoding.go:39.29,44.2 2 0
github.com/CivNode/yjs-go/encoding.go:47.54,48.17 1 1
github.com/CivNode/yjs-go/encoding.go:48.17,50.3 1 0
github.com/CivNode/yjs-go/encoding.go:52.2,56.28 4 1
github.com/CivNode/yjs-go/encoding.go:56.28,59.3 2 1
github.com/CivNode/yjs-go/encoding.go:60.2,60.29 1 1
github.com/CivNode/yjs-go/encoding.go:60.29,63.3 2 0
github.com/CivNode/yjs-go/encoding.go:64.2,64.27 1 1
github.com/CivNode/yjs-go/encoding.go:64.27,66.3 1 1
github.com/CivNode/yjs-go/encoding.go:68.2,79.27 2 1
github.com/CivNode/yjs-go/encoding.go:79.27,82.3 2 1
github.com/CivNode/yjs-go/encoding.go:85.2,85.45 1 1
github.com/CivNode/yjs-go/encoding.go:85.45,86.45 1 1
github.com/CivNode/yjs-go/encoding.go:86.45,89.4 2 1
github.com/CivNode/yjs-go/encoding.go:92.2,92.11 1 1
github.com/CivNode/yjs-go/encoding.go:95.43,97.2 1 1
github.com/CivNode/yjs-go/encoding.go:101.63,103.16 2 1
github.com/CivNode/yjs-go/encoding.go:103.16,105.3 1 0
github.com/CivNode/yjs-go/encoding.go:107.2,108.29 2 1
github.com/CivNode/yjs-go/encoding.go:108.29,109.27 1 1
github.com/CivNode/yjs-go/encoding.go:109.27,110.12 1 0
github.com/CivNode/yjs-go/encoding.go:112.3,113.18 2 1
github.com/CivNode/yjs-go/encoding.go:113.18,115.4 1 1
github.com/CivNode/yjs-go/encoding.go:118.2,119.44 2 1
github.com/CivNode/yjs-go/encoding.go:119.44,120.28 1 1
github.com/CivNode/yjs-go/encoding.go:120.28,122.4 1 1
github.com/CivNode/yjs-go/encoding.go:125.2,125.23 1 1
github.com/CivNode/yjs-go/encoding.go:130.52,131.39 1 1
github.com/CivNode/yjs-go/encoding.go:131.39,133.3 1 0
github.com/CivNode/yjs-go/encoding.go:135.2,141.26 2 1
github.com/CivNode/yjs-go/encoding.go:141.26,144.3 2 1
github.com/CivNode/yjs-go/encoding.go:145.2,145.27 1 1
github.com/CivNode/yjs-go/encoding.go:145.27,148.3 2 0
github.com/CivNode/yjs-go/encoding.go:149.2,149.25 1 1
github.com/CivNode/yjs-go/encoding.go:149.25,152.3 2 1
github.com/CivNode/yjs-go/encoding.go:155.2,155.21 1 1
github.com/CivNode/yjs-go/encoding.go:155.21,157.3 1 1
github.com/CivNode/yjs-go/encoding.go:159.2,159.23 1 1
github.com/CivNode/yjs-go/encoding.go:160.9,161.43 1 1
github.com/CivNode/yjs-go/encoding.go:161.43,163.4 1 1
github.com/CivNode/yjs-go/encoding.go:164.9,165.32 1 1
github.com/CivNode/yjs-go/encoding.go:166.9,168.43 2 0
github.com/CivNode/yjs-go/encoding.go:168.43,170.4 1 0
github.com/CivNode/yjs-go/encoding.go:171.9,172.32 1 0
github.com/CivNode/yjs-go/encoding.go:173.10,174.32 1 0
github.com/CivNode/yjs-go/encoding.go:177.2,177.13 1 1
github.com/CivNode/yjs-go/encoding.go:181.48,186.2 4 1
github.com/CivNode/yjs-go/encoding.go:190.77,196.33 4 1
github.com/CivNode/yjs-go/encoding.go:196.33,198.17 2 1
github.com/CivNode/yjs-go/encoding.go:198.17,200.4 1 0
github.com/CivNode/yjs-go/encoding.go:201.3,201.16 1 1
github.com/CivNode/yjs-go/encoding.go:204.2,209.47 2 1
github.com/CivNode/yjs-go/encoding.go:209.47,212.56 2 1
github.com/CivNode/yjs-go/encoding.go:212.56,214.4 1 1
github.com/CivNode/yjs-go/encoding.go:215.3,215.42 1 1
github.com/CivNode/yjs-go/encoding.go:215.42,217.17 2 1
github.com/CivNode/yjs-go/encoding.go:217.17,219.5 1 1
github.com/CivNode/yjs-go/encoding.go:223.2,223.35 1 1
github.com/CivNode/yjs-go/id.go:17.30,19.2 1 0
github.com/CivNode/yjs-go/id.go:21.30,22.25 1 1
github.com/CivNode/yjs-go/id.go:22.25,24.3 1 1
github.com/CivNode/yjs-go/id.go:25.2,25.25 1 1
github.com/CivNode/yjs-go/id.go:25.25,27.3 1 1
github.com/CivNode/yjs-go/id.go:28.2,28.23 1 0
github.com/CivNode/yjs-go/id.go:28.23,30.3 1 0
github.com/CivNode/yjs-go/id.go:31.2,31.23 1 0
github.com/CivNode/yjs-go/id.go:31.23,33.3 1 0
github.com/CivNode/yjs-go/id.go:34.2,34.10 1 0
github.com/CivNode/yjs-go/integrate.go:6.40,8.37 1 1
github.com/CivNode/yjs-go/integrate.go:8.37,10.3 1 0
github.com/CivNode/yjs-go/integrate.go:12.2,18.29 2 1
github.com/CivNode/yjs-go/integrate.go:18.29,20.3 1 1
github.com/CivNode/yjs-go/integrate.go:23.2,23.49 1 1
github.com/CivNode/yjs-go/integrate.go:23.49,25.10 2 1
github.com/CivNode/yjs-go/integrate.go:25.10,27.21 1 1
github.com/CivNode/yjs-go/integrate.go:28.23,29.37 1 1
github.com/CivNode/yjs-go/integrate.go:30.20,31.30 1 1
github.com/CivNode/yjs-go/integrate.go:31.30,33.6 1 1
github.com/CivNode/yjs-go/integrate.go:33.11,35.6 1 1
github.com/CivNode/yjs-go/integrate.go:36.12,37.37 1 0
github.com/CivNode/yjs-go/integrate.go:39.4,39.33 1 1
github.com/CivNode/yjs-go/integrate.go:41.3,41.19 1 1
github.com/CivNode/yjs-go/integrate.go:48.2,48.50 1 1
github.com/CivNode/yjs-go/integrate.go:48.50,50.56 2 1
github.com/CivNode/yjs-go/integrate.go:50.56,52.4 1 1
github.com/CivNode/yjs-go/integrate.go:56.2,57.19 2 1
github.com/CivNode/yjs-go/integrate.go:57.19,59.3 1 0
github.com/CivNode/yjs-go/integrate.go:60.2,64.28 3 1
github.com/CivNode/yjs-go/integrate.go:64.28,66.3 1 1
github.com/CivNode/yjs-go/integrate.go:69.2,70.29 2 1
github.com/CivNode/yjs-go/integrate.go:70.29,72.3 1 0
github.com/CivNode/yjs-go/integrate.go:77.2,78.29 2 1
github.com/CivNode/yjs-go/integrate.go:78.29,80.30 1 1
github.com/CivNode/yjs-go/integrate.go:80.30,82.9 1 1
github.com/CivNode/yjs-go/integrate.go:84.3,85.14 2 1
github.com/CivNode/yjs-go/integrate.go:89.2,92.17 3 1
github.com/CivNode/yjs-go/integrate.go:92.17,94.3 1 1
github.com/CivNode/yjs-go/integrate.go:94.8,96.3 1 1
github.com/CivNode/yjs-go/integrate.go:97.2,97.14 1 1
github.com/CivNode/yjs-go/integrate.go:97.14,99.3 1 1
github.com/CivNode/yjs-go/integrate.go:104.50,108.28 2 1
github.com/CivNode/yjs-go/integrate.go:108.28,110.3 1 0
github.com/CivNode/yjs-go/integrate.go:111.2,112.29 2 1
github.com/CivNode/yjs-go/integrate.go:112.29,114.3 1 0
github.com/CivNode/yjs-go/integrate.go:115.2,115.41 1 1
github.com/CivNode/yjs-go/integrate.go:115.41,117.3 1 0
github.com/CivNode/yjs-go/integrate.go:120.2,120.42 1 1
github.com/CivNode/yjs-go/integrate.go:125.73,126.17 1 1
github.com/CivNode/yjs-go/integrate.go:126.17,128.3 1 1
github.com/CivNode/yjs-go/integrate.go:129.2,129.37 1 1
github.com/CivNode/yjs-go/integrate.go:133.61,134.28 1 1
github.com/CivNode/yjs-go/integrate.go:135.13,136.17 1 1
github.com/CivNode/yjs-go/integrate.go:137.14,138.17 1 1
github.com/CivNode/yjs-go/integrate.go:139.12,140.23 1 1
github.com/CivNode/yjs-go/integrate.go:140.23,142.4 1 1
github.com/CivNode/yjs-go/integrate.go:143.20,144.17 1 0
github.com/CivNode/yjs-go/integrate.go:146.2,146.12 1 0
github.com/CivNode/yjs-go/integrate.go:150.70,151.28 1 1
github.com/CivNode/yjs-go/integrate.go:152.13,153.17 1 1
github.com/CivNode/yjs-go/integrate.go:154.14,155.17 1 1
github.com/CivNode/yjs-go/integrate.go:156.12,157.23 1 1
github.com/CivNode/yjs-go/integrate.go:157.23,158.22 1 1
github.com/CivNode/yjs-go/integrate.go:158.22,160.5 1 0
github.com/CivNode/yjs-go/integrate.go:161.4,161.30 1 1
github.com/CivNode/yjs-go/integrate.go:163.20,164.17 1 0
github.com/CivNode/yjs-go/integrate.go:170.63,171.24 1 1
github.com/CivNode/yjs-go/integrate.go:171.24,173.3 1 1
github.com/CivNode/yjs-go/integrate.go:174.2,174.28 1 0
github.com/CivNode/yjs-go/item.go:51.37,52.30 1 1
github.com/CivNode/yjs-go/item.go:52.30,54.3 1 1
github.com/CivNode/yjs-go/item.go:55.2,55.11 1 0
github.com/CivNode/yjs-go/map.go:26.41,28.2 1 1
github.com/CivNode/yjs-go/map.go:30.39,30.56 1 1
github.com/CivNode/yjs-go/map.go:33.50,38.15 5 1
github.com/CivNode/yjs-go/map.go:38.15,39.55 1 0
github.com/CivNode/yjs-go/map.go:42.2,47.33 4 1
github.com/CivNode/yjs-go/map.go:47.33,49.3 1 0
github.com/CivNode/yjs-go/map.go:50.2,61.18 5 1
github.com/CivNode/yjs-go/map.go:65.51,71.25 5 1
github.com/CivNode/yjs-go/map.go:71.25,73.3 1 1
github.com/CivNode/yjs-go/map.go:74.2,74.27 1 1
github.com/CivNode/yjs-go/map.go:78.34,83.15 5 1
github.com/CivNode/yjs-go/map.go:83.15,84.58 1 0
github.com/CivNode/yjs-go/map.go:87.2,91.25 4 1
github.com/CivNode/yjs-go/map.go:91.25,93.3 1 0
github.com/CivNode/yjs-go/map.go:94.2,95.25 2 1
github.com/CivNode/yjs-go/map.go:99.31,105.31 5 1
github.com/CivNode/yjs-go/map.go:105.31,106.20 1 1
github.com/CivNode/yjs-go/map.go:106.20,108.4 1 1
github.com/CivNode/yjs-go/map.go:110.2,110.13 1 1
github.com/CivNode/yjs-go/map.go:114.43,119.2 4 1
github.com/CivNode/yjs-go/map.go:121.46,122.27 1 1
github.com/CivNode/yjs-go/map.go:122.27,124.3 1 1
github.com/CivNode/yjs-go/map.go:125.2,126.33 2 1
github.com/CivNode/yjs-go/map.go:126.33,128.3 1 1
github.com/CivNode/yjs-go/store.go:12.36,14.2 1 1
github.com/CivNode/yjs-go/store.go:17.56,19.21 2 1
github.com/CivNode/yjs-go/store.go:19.21,21.3 1 1
github.com/CivNode/yjs-go/store.go:22.2,23.36 2 1
github.com/CivNode/yjs-go/store.go:27.55,29.32 2 1
github.com/CivNode/yjs-go/store.go:29.32,31.3 1 1
github.com/CivNode/yjs-go/store.go:32.2,32.11 1 1
github.com/CivNode/yjs-go/store.go:36.43,38.2 1 1
github.com/CivNode/yjs-go/store.go:41.44,43.21 2 1
github.com/CivNode/yjs-go/store.go:43.21,45.3 1 1
github.com/CivNode/yjs-go/store.go:47.2,47.50 1 1
github.com/CivNode/yjs-go/store.go:47.50,49.3 1 1
github.com/CivNode/yjs-go/store.go:50.2,50.14 1 1
github.com/CivNode/yjs-go/store.go:50.14,52.3 1 0
github.com/CivNode/yjs-go/store.go:53.2,54.42 2 1
github.com/CivNode/yjs-go/store.go:54.42,56.3 1 1
github.com/CivNode/yjs-go/store.go:57.2,57.12 1 1
github.com/CivNode/yjs-go/store.go:70.32,72.2 1 1
github.com/CivNode/yjs-go/store.go:74.58,76.2 1 1
github.com/CivNode/yjs-go/store.go:78.44,80.27 2 1
github.com/CivNode/yjs-go/store.go:80.27,81.54 1 1
github.com/CivNode/yjs-go/store.go:81.54,83.4 1 1
github.com/CivNode/yjs-go/store.go:85.2,85.14 1 1
github.com/CivNode/yjs-go/text.go:27.43,29.2 1 1
github.com/CivNode/yjs-go/text.go:31.40,31.57 1 1
github.com/CivNode/yjs-go/text.go:35.47,36.13 1 1
github.com/CivNode/yjs-go/text.go:36.13,38.3 1 0
github.com/CivNode/yjs-go/text.go:39.2,44.15 5 1
github.com/CivNode/yjs-go/text.go:44.15,45.59 1 0
github.com/CivNode/yjs-go/text.go:48.2,55.17 6 1
github.com/CivNode/yjs-go/text.go:55.17,61.3 2 1
github.com/CivNode/yjs-go/text.go:63.2,77.17 5 1
github.com/CivNode/yjs-go/text.go:77.17,79.3 1 1
github.com/CivNode/yjs-go/text.go:79.8,81.3 1 1
github.com/CivNode/yjs-go/text.go:82.2,82.23 1 1
github.com/CivNode/yjs-go/text.go:82.23,84.3 1 1
github.com/CivNode/yjs-go/text.go:86.2,86.18 1 1
github.com/CivNode/yjs-go/text.go:90.45,91.17 1 1
github.com/CivNode/yjs-go/text.go:91.17,93.3 1 1
github.com/CivNode/yjs-go/text.go:94.2,98.15 5 1
github.com/CivNode/yjs-go/text.go:98.15,99.59 1 0
github.com/CivNode/yjs-go/text.go:102.2,106.15 3 1
github.com/CivNode/yjs-go/text.go:106.15,109.3 2 1
github.com/CivNode/yjs-go/text.go:111.2,113.71 3 1
github.com/CivNode/yjs-go/text.go:113.71,114.19 1 1
github.com/CivNode/yjs-go/text.go:114.19,115.12 1 0
github.com/CivNode/yjs-go/text.go:117.3,119.19 2 1
github.com/CivNode/yjs-go/text.go:119.19,121.12 2 1
github.com/CivNode/yjs-go/text.go:124.3,124.18 1 1
github.com/CivNode/yjs-go/text.go:124.18,128.38 3 0
github.com/CivNode/yjs-go/text.go:128.38,130.29 2 0
github.com/CivNode/yjs-go/text.go:130.29,134.6 2 0
github.com/CivNode/yjs-go/text.go:135.5,137.26 3 0
github.com/CivNode/yjs-go/text.go:139.4,140.12 2 0
github.com/CivNode/yjs-go/text.go:144.3,145.27 2 1
github.com/CivNode/yjs-go/text.go:145.27,149.4 2 1
github.com/CivNode/yjs-go/text.go:150.3,153.12 4 1
github.com/CivNode/yjs-go/text.go:159.32,165.54 5 1
github.com/CivNode/yjs-go/text.go:165.54,166.49 1 1
github.com/CivNode/yjs-go/text.go:166.49,167.12 1 1
github.com/CivNode/yjs-go/text.go:169.3,169.50 1 1
github.com/CivNode/yjs-go/text.go:171.2,171.20 1 1
github.com/CivNode/yjs-go/text.go:175.29,181.54 5 1
github.com/CivNode/yjs-go/text.go:181.54,182.20 1 1
github.com/CivNode/yjs-go/text.go:182.20,184.4 1 1
github.com/CivNode/yjs-go/text.go:186.2,186.10 1 1
github.com/CivNode/yjs-go/text.go:190.45,195.2 4 1
github.com/CivNode/yjs-go/text.go:197.47,198.27 1 1
github.com/CivNode/yjs-go/text.go:198.27,200.3 1 1
github.com/CivNode/yjs-go/text.go:201.2,202.33 2 1
github.com/CivNode/yjs-go/text.go:202.33,204.3 1 1
github.com/CivNode/yjs-go/text.go:213.71,214.16 1 1
github.com/CivNode/yjs-go/text.go:214.16,216.55 1 1
github.com/CivNode/yjs-go/text.go:216.55,217.21 1 0
github.com/CivNode/yjs-go/text.go:217.21,219.5 1 0
github.com/CivNode/yjs-go/text.go:221.3,221.18 1 1
github.com/CivNode/yjs-go/text.go:224.2,225.54 2 1
github.com/CivNode/yjs-go/text.go:225.54,226.19 1 1
github.com/CivNode/yjs-go/text.go:226.19,227.12 1 0
github.com/CivNode/yjs-go/text.go:229.3,230.19 2 1
github.com/CivNode/yjs-go/text.go:230.19,234.38 2 1
github.com/CivNode/yjs-go/text.go:234.38,236.5 1 0
github.com/CivNode/yjs-go/text.go:237.4,237.22 1 1
github.com/CivNode/yjs-go/text.go:239.3,239.18 1 1
github.com/CivNode/yjs-go/text.go:239.18,244.4 3 1
github.com/CivNode/yjs-go/text.go:245.3,246.14 2 1
github.com/CivNode/yjs-go/text.go:249.2,249.18 1 1
github.com/CivNode/yjs-go/text.go:256.70,257.17 1 1
github.com/CivNode/yjs-go/text.go:257.17,259.35 2 0
github.com/CivNode/yjs-go/text.go:259.35,261.4 1 0
github.com/CivNode/yjs-go/text.go:262.3,262.20 1 0
github.com/CivNode/yjs-go/text.go:265.2,295.23 11 1
github.com/CivNode/yjs-go/text.go:295.23,297.3 1 1
github.com/CivNode/yjs-go/text.go:298.2,301.18 2 1
github.com/CivNode/yjs-go/text.go:301.18,303.3 1 1
github.com/CivNode/yjs-go/text.go:305.2,305.24 1 1
github.com/CivNode/yjs-go/xmlfragment.go:12.57,14.2 1 1
github.com/CivNode/yjs-go/xmlfragment.go:16.47,16.64 1 0
github.com/CivNode/yjs-go/xmlfragment.go:19.36,24.54 4 1
github.com/CivNode/yjs-go/xmlfragment.go:24.54,25.20 1 0
github.com/CivNode/yjs-go/xmlfragment.go:25.20,27.4 1 0
github.com/CivNode/yjs-go/xmlfragment.go:29.2,29.10 1 1
github.com/CivNode/yjs-go/transport/relay.go:28.22,28.57 1 1
github.com/CivNode/yjs-go/transport/relay.go:37.42,39.2 1 1
github.com/CivNode/yjs-go/transport/relay.go:48.24,48.72 1 1
github.com/CivNode/yjs-go/transport/relay.go:50.60,54.9 4 1
github.com/CivNode/yjs-go/transport/relay.go:54.9,57.3 2 1
github.com/CivNode/yjs-go/transport/relay.go:58.2,58.10 1 1
github.com/CivNode/yjs-go/transport/relay.go:62.71,64.45 2 1
github.com/CivNode/yjs-go/transport/relay.go:64.45,66.3 1 1
github.com/CivNode/yjs-go/transport/relay.go:67.2,72.16 3 1
github.com/CivNode/yjs-go/transport/relay.go:72.16,74.3 1 0
github.com/CivNode/yjs-go/transport/relay.go:75.2,89.15 10 1
github.com/CivNode/yjs-go/transport/relay.go:89.15,91.34 2 1
github.com/CivNode/yjs-go/transport/relay.go:91.34,92.15 1 1
github.com/CivNode/yjs-go/transport/relay.go:92.15,94.10 2 1
github.com/CivNode/yjs-go/transport/relay.go:97.3,97.19 1 1
github.com/CivNode/yjs-go/transport/relay.go:101.2,101.6 1 1
github.com/CivNode/yjs-go/transport/relay.go:101.6,103.17 2 1
github.com/CivNode/yjs-go/transport/relay.go:103.17,105.4 1 1
github.com/CivNode/yjs-go/transport/relay.go:106.3,108.17 3 1
github.com/CivNode/yjs-go/transport/relay.go:108.17,109.12 1 0
github.com/CivNode/yjs-go/transport/relay.go:111.3,112.17 2 1
github.com/CivNode/yjs-go/transport/relay.go:112.17,113.12 1 0
github.com/CivNode/yjs-go/transport/relay.go:116.3,116.18 1 1
github.com/CivNode/yjs-go/transport/relay.go:117.37,122.19 4 1
github.com/CivNode/yjs-go/transport/relay.go:122.19,124.5 1 1
github.com/CivNode/yjs-go/transport/relay.go:126.37,128.24 1 1
github.com/CivNode/yjs-go/transport/relay.go:128.24,132.5 3 1
github.com/CivNode/yjs-go/transport/relay.go:134.34,140.35 5 1
github.com/CivNode/yjs-go/transport/relay.go:140.35,141.16 1 1
github.com/CivNode/yjs-go/transport/relay.go:141.16,143.6 1 1
github.com/CivNode/yjs-go/transport/relay.go:145.4,146.29 2 1
github.com/CivNode/yjs-go/transport/relay.go:146.29,148.5 1 1
github.com/CivNode/yjs-go/transport/ws.go:41.99,47.17 3 1
github.com/CivNode/yjs-go/transport/ws.go:47.17,49.3 1 0
github.com/CivNode/yjs-go/transport/ws.go:51.2,52.16 2 1
github.com/CivNode/yjs-go/transport/ws.go:52.16,55.3 2 1
github.com/CivNode/yjs-go/transport/ws.go:57.2,66.55 2 1
github.com/CivNode/yjs-go/transport/ws.go:66.55,67.25 1 1
github.com/CivNode/yjs-go/transport/ws.go:67.25,69.4 1 0
github.com/CivNode/yjs-go/transport/ws.go:70.3,70.27 1 1
github.com/CivNode/yjs-go/transport/ws.go:74.2,74.42 1 1
github.com/CivNode/yjs-go/transport/ws.go:74.42,78.3 3 0
github.com/CivNode/yjs-go/transport/ws.go:81.2,83.15 2 1
github.com/CivNode/yjs-go/transport/ws.go:90.44,93.16 2 1
github.com/CivNode/yjs-go/transport/ws.go:93.16,95.3 1 0
github.com/CivNode/yjs-go/transport/ws.go:96.2,96.65 1 1
github.com/CivNode/yjs-go/transport/ws.go:96.65,98.3 1 0
github.com/CivNode/yjs-go/transport/ws.go:101.2,102.16 2 1
github.com/CivNode/yjs-go/transport/ws.go:102.16,104.3 1 0
github.com/CivNode/yjs-go/transport/ws.go:105.2,105.45 1 1
github.com/CivNode/yjs-go/transport/ws.go:105.45,107.3 1 0
github.com/CivNode/yjs-go/transport/ws.go:110.2,111.16 2 1
github.com/CivNode/yjs-go/transport/ws.go:111.16,113.3 1 0
github.com/CivNode/yjs-go/transport/ws.go:114.2,114.69 1 1
github.com/CivNode/yjs-go/transport/ws.go:114.69,116.3 1 0
github.com/CivNode/yjs-go/transport/ws.go:119.2,120.16 2 1
github.com/CivNode/yjs-go/transport/ws.go:120.16,122.3 1 0
github.com/CivNode/yjs-go/transport/ws.go:123.2,123.45 1 1
github.com/CivNode/yjs-go/transport/ws.go:123.45,125.3 1 0
github.com/CivNode/yjs-go/transport/ws.go:126.2,126.22 1 1
github.com/CivNode/yjs-go/transport/ws.go:126.22,127.67 1 1
github.com/CivNode/yjs-go/transport/ws.go:127.67,129.4 1 0
github.com/CivNode/yjs-go/transport/ws.go:132.2,132.12 1 1
github.com/CivNode/yjs-go/transport/ws.go:136.36,138.6 2 1
github.com/CivNode/yjs-go/transport/ws.go:138.6,140.17 2 1
github.com/CivNode/yjs-go/transport/ws.go:140.17,142.4 1 1
github.com/CivNode/yjs-go/transport/ws.go:143.3,143.18 1 1
github.com/CivNode/yjs-go/transport/ws.go:144.34,145.68 1 1
github.com/CivNode/yjs-go/transport/ws.go:145.68,146.13 1 0
github.com/CivNode/yjs-go/transport/ws.go:148.4,152.25 5 1
github.com/CivNode/yjs-go/transport/ws.go:152.25,154.5 1 1
github.com/CivNode/yjs-go/transport/ws.go:155.37,158.18 2 0
github.com/CivNode/yjs-go/transport/ws.go:158.18,159.13 1 0
github.com/CivNode/yjs-go/transport/ws.go:161.4,161.52 1 0
github.com/CivNode/yjs-go/transport/ws.go:167.48,169.2 1 1
github.com/CivNode/yjs-go/transport/ws.go:171.54,173.2 1 1
github.com/CivNode/yjs-go/transport/ws.go:176.48,180.2 3 1
github.com/CivNode/yjs-go/transport/ws.go:183.36,188.2 4 1
github.com/CivNode/yjs-go/transport/ws.go:191.50,193.2 1 1
github.com/CivNode/yjs-go/transport/ws.go:196.56,198.16 2 1
github.com/CivNode/yjs-go/transport/ws.go:198.16,200.3 1 1
github.com/CivNode/yjs-go/transport/ws.go:201.2,201.20 1 1
github.com/CivNode/yjs-go/transport/ws.go:201.20,203.3 1 0
github.com/CivNode/yjs-go/transport/ws.go:204.2,206.16 3 1
github.com/CivNode/yjs-go/transport/ws.go:206.16,208.3 1 0
github.com/CivNode/yjs-go/transport/ws.go:209.2,210.16 2 1
github.com/CivNode/yjs-go/transport/ws.go:210.16,212.3 1 0
github.com/CivNode/yjs-go/transport/ws.go:213.2,213.30 1 1
github.com/CivNode/yjs-go/transport/ws.go:222.45,222.79 1 1
github.com/CivNode/yjs-go/transport/ws.go:224.50,225.26 1 1
github.com/CivNode/yjs-go/transport/ws.go:225.26,227.3 1 0
github.com/CivNode/yjs-go/transport/ws.go:228.2,230.15 3 1
